running egg_info
creating ../../build/waypoint_nav/waypoint_nav.egg-info
writing ../../build/waypoint_nav/waypoint_nav.egg-info/PKG-INFO
writing dependency_links to ../../build/waypoint_nav/waypoint_nav.egg-info/dependency_links.txt
writing entry points to ../../build/waypoint_nav/waypoint_nav.egg-info/entry_points.txt
writing requirements to ../../build/waypoint_nav/waypoint_nav.egg-info/requires.txt
writing top-level names to ../../build/waypoint_nav/waypoint_nav.egg-info/top_level.txt
writing manifest file '../../build/waypoint_nav/waypoint_nav.egg-info/SOURCES.txt'
reading manifest file '../../build/waypoint_nav/waypoint_nav.egg-info/SOURCES.txt'
writing manifest file '../../build/waypoint_nav/waypoint_nav.egg-info/SOURCES.txt'
running build
running build_py
creating /home/mohamedab/ros2_ws/build/waypoint_nav/build
creating /home/mohamedab/ros2_ws/build/waypoint_nav/build/lib
creating /home/mohamedab/ros2_ws/build/waypoint_nav/build/lib/waypoint_nav
copying waypoint_nav/waypoint_navigator.py -> /home/mohamedab/ros2_ws/build/waypoint_nav/build/lib/waypoint_nav
copying waypoint_nav/__init__.py -> /home/mohamedab/ros2_ws/build/waypoint_nav/build/lib/waypoint_nav
running install
running install_lib
creating /home/mohamedab/ros2_ws/install/waypoint_nav/lib/python3.10/site-packages/waypoint_nav
copying /home/mohamedab/ros2_ws/build/waypoint_nav/build/lib/waypoint_nav/waypoint_navigator.py -> /home/mohamedab/ros2_ws/install/waypoint_nav/lib/python3.10/site-packages/waypoint_nav
copying /home/mohamedab/ros2_ws/build/waypoint_nav/build/lib/waypoint_nav/__init__.py -> /home/mohamedab/ros2_ws/install/waypoint_nav/lib/python3.10/site-packages/waypoint_nav
byte-compiling /home/mohamedab/ros2_ws/install/waypoint_nav/lib/python3.10/site-packages/waypoint_nav/waypoint_navigator.py to waypoint_navigator.cpython-310.pyc
byte-compiling /home/mohamedab/ros2_ws/install/waypoint_nav/lib/python3.10/site-packages/waypoint_nav/__init__.py to __init__.cpython-310.pyc
running install_data
creating /home/mohamedab/ros2_ws/install/waypoint_nav/share/ament_index
creating /home/mohamedab/ros2_ws/install/waypoint_nav/share/ament_index/resource_index
creating /home/mohamedab/ros2_ws/install/waypoint_nav/share/ament_index/resource_index/packages
copying resource/waypoint_nav -> /home/mohamedab/ros2_ws/install/waypoint_nav/share/ament_index/resource_index/packages
copying package.xml -> /home/mohamedab/ros2_ws/install/waypoint_nav/share/waypoint_nav
running install_egg_info
Copying ../../build/waypoint_nav/waypoint_nav.egg-info to /home/mohamedab/ros2_ws/install/waypoint_nav/lib/python3.10/site-packages/waypoint_nav-0.0.1-py3.10.egg-info
running install_scripts
Installing waypoint_navigator script to /home/mohamedab/ros2_ws/install/waypoint_nav/lib/waypoint_nav
writing list of installed files to '/home/mohamedab/ros2_ws/build/waypoint_nav/install.log'
