[0.833s] Invoking command in '/home/mohamedab/ros2_ws/src/waypoint_nav': PYTHONPATH=/home/mohamedab/ros2_ws/build/waypoint_nav/prefix_override:/usr/lib/python3/dist-packages/colcon_core/task/python/colcon_distutils_commands:/home/mohamedab/ros2_ws/install/waypoint_nav/lib/python3.10/site-packages:${PYTHONPATH} /usr/bin/python3 -W ignore:setup.py install is deprecated -W ignore:easy_install command is deprecated setup.py egg_info --egg-base ../../build/waypoint_nav build --build-base /home/mohamedab/ros2_ws/build/waypoint_nav/build install --record /home/mohamedab/ros2_ws/build/waypoint_nav/install.log --single-version-externally-managed install_data
[1.058s] running egg_info
[1.058s] creating ../../build/waypoint_nav/waypoint_nav.egg-info
[1.058s] writing ../../build/waypoint_nav/waypoint_nav.egg-info/PKG-INFO
[1.058s] writing dependency_links to ../../build/waypoint_nav/waypoint_nav.egg-info/dependency_links.txt
[1.059s] writing entry points to ../../build/waypoint_nav/waypoint_nav.egg-info/entry_points.txt
[1.059s] writing requirements to ../../build/waypoint_nav/waypoint_nav.egg-info/requires.txt
[1.059s] writing top-level names to ../../build/waypoint_nav/waypoint_nav.egg-info/top_level.txt
[1.060s] writing manifest file '../../build/waypoint_nav/waypoint_nav.egg-info/SOURCES.txt'
[1.061s] reading manifest file '../../build/waypoint_nav/waypoint_nav.egg-info/SOURCES.txt'
[1.062s] writing manifest file '../../build/waypoint_nav/waypoint_nav.egg-info/SOURCES.txt'
[1.062s] running build
[1.063s] running build_py
[1.063s] creating /home/mohamedab/ros2_ws/build/waypoint_nav/build
[1.063s] creating /home/mohamedab/ros2_ws/build/waypoint_nav/build/lib
[1.063s] creating /home/mohamedab/ros2_ws/build/waypoint_nav/build/lib/waypoint_nav
[1.064s] copying waypoint_nav/waypoint_navigator.py -> /home/mohamedab/ros2_ws/build/waypoint_nav/build/lib/waypoint_nav
[1.064s] copying waypoint_nav/__init__.py -> /home/mohamedab/ros2_ws/build/waypoint_nav/build/lib/waypoint_nav
[1.064s] running install
[1.064s] running install_lib
[1.065s] creating /home/mohamedab/ros2_ws/install/waypoint_nav/lib/python3.10/site-packages/waypoint_nav
[1.066s] copying /home/mohamedab/ros2_ws/build/waypoint_nav/build/lib/waypoint_nav/waypoint_navigator.py -> /home/mohamedab/ros2_ws/install/waypoint_nav/lib/python3.10/site-packages/waypoint_nav
[1.066s] copying /home/mohamedab/ros2_ws/build/waypoint_nav/build/lib/waypoint_nav/__init__.py -> /home/mohamedab/ros2_ws/install/waypoint_nav/lib/python3.10/site-packages/waypoint_nav
[1.066s] byte-compiling /home/mohamedab/ros2_ws/install/waypoint_nav/lib/python3.10/site-packages/waypoint_nav/waypoint_navigator.py to waypoint_navigator.cpython-310.pyc
[1.067s] byte-compiling /home/mohamedab/ros2_ws/install/waypoint_nav/lib/python3.10/site-packages/waypoint_nav/__init__.py to __init__.cpython-310.pyc
[1.067s] running install_data
[1.067s] creating /home/mohamedab/ros2_ws/install/waypoint_nav/share/ament_index
[1.067s] creating /home/mohamedab/ros2_ws/install/waypoint_nav/share/ament_index/resource_index
[1.067s] creating /home/mohamedab/ros2_ws/install/waypoint_nav/share/ament_index/resource_index/packages
[1.068s] copying resource/waypoint_nav -> /home/mohamedab/ros2_ws/install/waypoint_nav/share/ament_index/resource_index/packages
[1.068s] copying package.xml -> /home/mohamedab/ros2_ws/install/waypoint_nav/share/waypoint_nav
[1.068s] running install_egg_info
[1.069s] Copying ../../build/waypoint_nav/waypoint_nav.egg-info to /home/mohamedab/ros2_ws/install/waypoint_nav/lib/python3.10/site-packages/waypoint_nav-0.0.1-py3.10.egg-info
[1.071s] running install_scripts
[1.091s] Installing waypoint_navigator script to /home/mohamedab/ros2_ws/install/waypoint_nav/lib/waypoint_nav
[1.091s] writing list of installed files to '/home/mohamedab/ros2_ws/build/waypoint_nav/install.log'
[1.117s] Invoked command in '/home/mohamedab/ros2_ws/src/waypoint_nav' returned '0': PYTHONPATH=/home/mohamedab/ros2_ws/build/waypoint_nav/prefix_override:/usr/lib/python3/dist-packages/colcon_core/task/python/colcon_distutils_commands:/home/mohamedab/ros2_ws/install/waypoint_nav/lib/python3.10/site-packages:${PYTHONPATH} /usr/bin/python3 -W ignore:setup.py install is deprecated -W ignore:easy_install command is deprecated setup.py egg_info --egg-base ../../build/waypoint_nav build --build-base /home/mohamedab/ros2_ws/build/waypoint_nav/build install --record /home/mohamedab/ros2_ws/build/waypoint_nav/install.log --single-version-externally-managed install_data
