running egg_info
writing ../../build/hello_ros2/hello_ros2.egg-info/PKG-INFO
writing dependency_links to ../../build/hello_ros2/hello_ros2.egg-info/dependency_links.txt
writing entry points to ../../build/hello_ros2/hello_ros2.egg-info/entry_points.txt
writing requirements to ../../build/hello_ros2/hello_ros2.egg-info/requires.txt
writing top-level names to ../../build/hello_ros2/hello_ros2.egg-info/top_level.txt
reading manifest file '../../build/hello_ros2/hello_ros2.egg-info/SOURCES.txt'
adding license file 'LICENSE'
writing manifest file '../../build/hello_ros2/hello_ros2.egg-info/SOURCES.txt'
running build
running build_py
running install
running install_lib
running install_data
running install_egg_info
removing '/home/mohamedab/ros2_ws/install/hello_ros2/lib/python3.10/site-packages/hello_ros2-0.0.0-py3.10.egg-info' (and everything under it)
Copying ../../build/hello_ros2/hello_ros2.egg-info to /home/mohamedab/ros2_ws/install/hello_ros2/lib/python3.10/site-packages/hello_ros2-0.0.0-py3.10.egg-info
running install_scripts
Installing publisher_node script to /home/mohamedab/ros2_ws/install/hello_ros2/lib/hello_ros2
Installing subscriber_node script to /home/mohamedab/ros2_ws/install/hello_ros2/lib/hello_ros2
writing list of installed files to '/home/mohamedab/ros2_ws/build/hello_ros2/install.log'
