[1.910s] Invoking command in '/home/mohamedab/ros2_ws/src/hello_ros2': PYTHONPATH=/home/mohamedab/ros2_ws/build/hello_ros2/prefix_override:/usr/lib/python3/dist-packages/colcon_core/task/python/colcon_distutils_commands:/home/mohamedab/ros2_ws/install/hello_ros2/lib/python3.10/site-packages:${PYTHONPATH} /usr/bin/python3 -W ignore:setup.py install is deprecated -W ignore:easy_install command is deprecated setup.py egg_info --egg-base ../../build/hello_ros2 build --build-base /home/mohamedab/ros2_ws/build/hello_ros2/build install --record /home/mohamedab/ros2_ws/build/hello_ros2/install.log --single-version-externally-managed install_data
[2.558s] running egg_info
[2.558s] writing ../../build/hello_ros2/hello_ros2.egg-info/PKG-INFO
[2.561s] writing dependency_links to ../../build/hello_ros2/hello_ros2.egg-info/dependency_links.txt
[2.561s] writing entry points to ../../build/hello_ros2/hello_ros2.egg-info/entry_points.txt
[2.562s] writing requirements to ../../build/hello_ros2/hello_ros2.egg-info/requires.txt
[2.562s] writing top-level names to ../../build/hello_ros2/hello_ros2.egg-info/top_level.txt
[2.567s] reading manifest file '../../build/hello_ros2/hello_ros2.egg-info/SOURCES.txt'
[2.568s] adding license file 'LICENSE'
[2.568s] writing manifest file '../../build/hello_ros2/hello_ros2.egg-info/SOURCES.txt'
[2.569s] running build
[2.569s] running build_py
[2.572s] running install
[2.573s] running install_lib
[2.576s] running install_data
[2.576s] running install_egg_info
[2.578s] removing '/home/mohamedab/ros2_ws/install/hello_ros2/lib/python3.10/site-packages/hello_ros2-0.0.0-py3.10.egg-info' (and everything under it)
[2.578s] Copying ../../build/hello_ros2/hello_ros2.egg-info to /home/mohamedab/ros2_ws/install/hello_ros2/lib/python3.10/site-packages/hello_ros2-0.0.0-py3.10.egg-info
[2.580s] running install_scripts
[2.603s] Installing publisher_node script to /home/mohamedab/ros2_ws/install/hello_ros2/lib/hello_ros2
[2.605s] Installing subscriber_node script to /home/mohamedab/ros2_ws/install/hello_ros2/lib/hello_ros2
[2.605s] writing list of installed files to '/home/mohamedab/ros2_ws/build/hello_ros2/install.log'
[2.630s] Invoked command in '/home/mohamedab/ros2_ws/src/hello_ros2' returned '0': PYTHONPATH=/home/mohamedab/ros2_ws/build/hello_ros2/prefix_override:/usr/lib/python3/dist-packages/colcon_core/task/python/colcon_distutils_commands:/home/mohamedab/ros2_ws/install/hello_ros2/lib/python3.10/site-packages:${PYTHONPATH} /usr/bin/python3 -W ignore:setup.py install is deprecated -W ignore:easy_install command is deprecated setup.py egg_info --egg-base ../../build/hello_ros2 build --build-base /home/mohamedab/ros2_ws/build/hello_ros2/build install --record /home/mohamedab/ros2_ws/build/hello_ros2/install.log --single-version-externally-managed install_data
