running egg_info
creating ../../build/hello_ros2/hello_ros2.egg-info
writing ../../build/hello_ros2/hello_ros2.egg-info/PKG-INFO
writing dependency_links to ../../build/hello_ros2/hello_ros2.egg-info/dependency_links.txt
writing entry points to ../../build/hello_ros2/hello_ros2.egg-info/entry_points.txt
writing requirements to ../../build/hello_ros2/hello_ros2.egg-info/requires.txt
writing top-level names to ../../build/hello_ros2/hello_ros2.egg-info/top_level.txt
writing manifest file '../../build/hello_ros2/hello_ros2.egg-info/SOURCES.txt'
reading manifest file '../../build/hello_ros2/hello_ros2.egg-info/SOURCES.txt'
adding license file 'LICENSE'
writing manifest file '../../build/hello_ros2/hello_ros2.egg-info/SOURCES.txt'
running build
running build_py
creating /home/mohamedab/ros2_ws/build/hello_ros2/build
creating /home/mohamedab/ros2_ws/build/hello_ros2/build/lib
creating /home/mohamedab/ros2_ws/build/hello_ros2/build/lib/hello_ros2
copying hello_ros2/subscriber_node.py -> /home/mohamedab/ros2_ws/build/hello_ros2/build/lib/hello_ros2
copying hello_ros2/publisher_node.py -> /home/mohamedab/ros2_ws/build/hello_ros2/build/lib/hello_ros2
copying hello_ros2/__init__.py -> /home/mohamedab/ros2_ws/build/hello_ros2/build/lib/hello_ros2
running install
running install_lib
creating /home/mohamedab/ros2_ws/install/hello_ros2/lib/python3.10/site-packages/hello_ros2
copying /home/mohamedab/ros2_ws/build/hello_ros2/build/lib/hello_ros2/subscriber_node.py -> /home/mohamedab/ros2_ws/install/hello_ros2/lib/python3.10/site-packages/hello_ros2
copying /home/mohamedab/ros2_ws/build/hello_ros2/build/lib/hello_ros2/publisher_node.py -> /home/mohamedab/ros2_ws/install/hello_ros2/lib/python3.10/site-packages/hello_ros2
copying /home/mohamedab/ros2_ws/build/hello_ros2/build/lib/hello_ros2/__init__.py -> /home/mohamedab/ros2_ws/install/hello_ros2/lib/python3.10/site-packages/hello_ros2
byte-compiling /home/mohamedab/ros2_ws/install/hello_ros2/lib/python3.10/site-packages/hello_ros2/subscriber_node.py to subscriber_node.cpython-310.pyc
byte-compiling /home/mohamedab/ros2_ws/install/hello_ros2/lib/python3.10/site-packages/hello_ros2/publisher_node.py to publisher_node.cpython-310.pyc
byte-compiling /home/mohamedab/ros2_ws/install/hello_ros2/lib/python3.10/site-packages/hello_ros2/__init__.py to __init__.cpython-310.pyc
running install_data
creating /home/mohamedab/ros2_ws/install/hello_ros2/share/ament_index
creating /home/mohamedab/ros2_ws/install/hello_ros2/share/ament_index/resource_index
creating /home/mohamedab/ros2_ws/install/hello_ros2/share/ament_index/resource_index/packages
copying resource/hello_ros2 -> /home/mohamedab/ros2_ws/install/hello_ros2/share/ament_index/resource_index/packages
copying package.xml -> /home/mohamedab/ros2_ws/install/hello_ros2/share/hello_ros2
running install_egg_info
Copying ../../build/hello_ros2/hello_ros2.egg-info to /home/mohamedab/ros2_ws/install/hello_ros2/lib/python3.10/site-packages/hello_ros2-0.0.0-py3.10.egg-info
running install_scripts
Installing publisher_node script to /home/mohamedab/ros2_ws/install/hello_ros2/lib/hello_ros2
Installing subscriber_node script to /home/mohamedab/ros2_ws/install/hello_ros2/lib/hello_ros2
writing list of installed files to '/home/mohamedab/ros2_ws/build/hello_ros2/install.log'
